LandLord/proguard/seeds.txt
com.hurray.landlord.test.CommonTestActivity
com.hurray.landlord.test.TestRegisterActivity
com.hurray.landlord.test.TestRegisterActivity: TestRegisterActivity()
com.hurray.landlord.view.BottomCardsView
com.hurray.landlord.view.BottomCardsView: BottomCardsView(android.content.Context,android.util.AttributeSet)
com.hurray.landlord.view.DashedLine
com.hurray.landlord.view.DashedLine: DashedLine(android.content.Context,android.util.AttributeSet)
com.hurray.landlord.view.LocalAvatar
com.hurray.landlord.view.LocalAvatar: LocalAvatar(android.content.Context,android.util.AttributeSet)
com.hurray.landlord.view.LocalGameBgView
com.hurray.landlord.view.LocalGameBgView: LocalGameBgView(android.content.Context,android.util.AttributeSet)
com.hurray.landlord.view.LocalGameTopView
com.hurray.landlord.view.LocalGameTopView: LocalGameTopView(android.content.Context,android.util.AttributeSet)
com.hurray.landlord.view.OnlineAvatar
com.hurray.landlord.view.OnlineAvatar: OnlineAvatar(android.content.Context,android.util.AttributeSet)
com.hurray.landlord.view.OnlineGameBgView
com.hurray.landlord.view.OnlineGameBgView: OnlineGameBgView(android.content.Context,android.util.AttributeSet)
com.hurray.landlord.view.OnlineGameTopView
com.hurray.landlord.view.OnlineGameTopView: OnlineGameTopView(android.content.Context,android.util.AttributeSet)
com.hurray.landlord.view.SelfCardsView
com.hurray.landlord.view.SelfCardsView: SelfCardsView(android.content.Context,android.util.AttributeSet)
com.hurray.landlord.view.ShowCardsView
com.hurray.landlord.view.ShowCardsView: ShowCardsView(android.content.Context,android.util.AttributeSet)
com.hurray.landlord.view.SoundPanel
com.hurray.landlord.view.SoundPanel: SoundPanel(android.content.Context)
com.hurray.landlord.view.SoundPanel: SoundPanel(android.content.Context,android.util.AttributeSet)
com.hurray.landlord.view.StartMenuView
com.hurray.landlord.view.StartMenuView: StartMenuView(android.content.Context,android.util.AttributeSet)
com.hurray.landlord.view.TextProgressBar
com.hurray.landlord.view.TextProgressBar: TextProgressBar(android.content.Context)
com.hurray.landlord.view.TextProgressBar: TextProgressBar(android.content.Context,android.util.AttributeSet)
com.hurray.landlord.view.TextProgressBar: TextProgressBar(android.content.Context,android.util.AttributeSet,int)
com.hurray.landlord.view.TurnTableView
com.hurray.landlord.view.TurnTableView: TurnTableView(android.content.Context)
com.hurray.landlord.view.TurnTableView: TurnTableView(android.content.Context,android.util.AttributeSet)
com.hurray.landlord.view.VerticalTabWigdet
com.hurray.landlord.view.VerticalTabWigdet: VerticalTabWigdet(android.content.Context,android.util.AttributeSet)