LandLord/proguard/mapping.txt
org.apache.commons.lang3.EnumUtils -> org.apache.commons.lang3.EnumUtils:
    java.util.Map getEnumMap(java.lang.Class) -> getEnumMap
    java.util.List getEnumList(java.lang.Class) -> getEnumList
    boolean isValidEnum(java.lang.Class,java.lang.String) -> isValidEnum
    java.lang.Enum getEnum(java.lang.Class,java.lang.String) -> getEnum
    long generateBitVector(java.lang.Class,java.lang.Iterable) -> generateBitVector
    long generateBitVector(java.lang.Class,java.lang.Enum[]) -> generateBitVector
    java.util.EnumSet processBitVector(java.lang.Class,long) -> processBitVector
    java.lang.Class checkBitVectorable(java.lang.Class) -> checkBitVectorable
org.apache.commons.lang3.JavaVersion -> org.apache.commons.lang3.JavaVersion:
    org.apache.commons.lang3.JavaVersion JAVA_0_9 -> JAVA_0_9
    org.apache.commons.lang3.JavaVersion JAVA_1_1 -> JAVA_1_1
    org.apache.commons.lang3.JavaVersion JAVA_1_2 -> JAVA_1_2
    org.apache.commons.lang3.JavaVersion JAVA_1_3 -> JAVA_1_3
    org.apache.commons.lang3.JavaVersion JAVA_1_4 -> JAVA_1_4
    org.apache.commons.lang3.JavaVersion JAVA_1_5 -> JAVA_1_5
    org.apache.commons.lang3.JavaVersion JAVA_1_6 -> JAVA_1_6
    org.apache.commons.lang3.JavaVersion JAVA_1_7 -> JAVA_1_7
    org.apache.commons.lang3.JavaVersion JAVA_1_8 -> JAVA_1_8
    float value -> value
    java.lang.String name -> name
    org.apache.commons.lang3.JavaVersion[] $VALUES -> $VALUES
    org.apache.commons.lang3.JavaVersion[] values() -> values
    org.apache.commons.lang3.JavaVersion valueOf(java.lang.String) -> valueOf
    boolean atLeast(org.apache.commons.lang3.JavaVersion) -> atLeast
    org.apache.commons.lang3.JavaVersion getJavaVersion(java.lang.String) -> getJavaVersion
    org.apache.commons.lang3.JavaVersion get(java.lang.String) -> get
    java.lang.String toString() -> toString
org.apache.commons.lang3.LocaleUtils -> org.apache.commons.lang3.LocaleUtils:
    java.util.concurrent.ConcurrentMap cLanguagesByCountry -> cLanguagesByCountry
    java.util.concurrent.ConcurrentMap cCountriesByLanguage -> cCountriesByLanguage
    java.util.Locale toLocale(java.lang.String) -> toLocale
    java.util.List localeLookupList(java.util.Locale) -> localeLookupList
    java.util.List localeLookupList(java.util.Locale,java.util.Locale) -> localeLookupList
    java.util.List availableLocaleList() -> availableLocaleList
    java.util.Set availableLocaleSet() -> availableLocaleSet
    boolean isAvailableLocale(java.util.Locale) -> isAvailableLocale
    java.util.List languagesByCountry(java.lang.String) -> languagesByCountry
    java.util.List countriesByLanguage(java.lang.String) -> countriesByLanguage
org.apache.commons.lang3.LocaleUtils$SyncAvoid -> org.apache.commons.lang3.LocaleUtils$SyncAvoid:
    java.util.List AVAILABLE_LOCALE_LIST -> AVAILABLE_LOCALE_LIST
    java.util.Set AVAILABLE_LOCALE_SET -> AVAILABLE_LOCALE_SET
    java.util.List access$000() -> access$000
    java.util.Set access$100() -> access$100