LandLord/proguard/usage.txt
com.hurray.landlord.net.socket.srv.ServerDeclareResult:
    private static final long serialVersionUID
    25:26:public ServerDeclareResult(com.hurray.landlord.net.socket.SocketStream)
    55:74:protected void unPackJson(java.lang.String)
com.hurray.landlord.net.socket.srv.ServerEmotion:
    private static final long serialVersionUID
    21:22:public ServerEmotion(com.hurray.landlord.net.socket.SocketStream)
    41:47:protected void unPackJson(java.lang.String)
com.hurray.landlord.net.socket.srv.ServerGameResult:
    private static final long serialVersionUID
    31:32:public ServerGameResult(com.hurray.landlord.net.socket.SocketStream)
    65:78:protected void unPackJson(java.lang.String)
    81:91:private void unMarks(org.json.JSONObject)
    94:104:private void unTotalMarks(org.json.JSONObject)
    107:117:private void unHandsCount(org.json.JSONObject)
    120:135:private void unCardIdsList(org.json.JSONObject)
com.hurray.landlord.net.socket.srv.ServerHeartBeat
com.hurray.landlord.net.socket.srv.ServerLastDeclare:
    private static final long serialVersionUID
    22:23:public ServerLastDeclare(com.hurray.landlord.net.socket.SocketStream)
    47:54:protected void unPackJson(java.lang.String)
com.hurray.landlord.net.socket.srv.ServerLastRob:
    private static final long serialVersionUID
    21:22:public ServerLastRob(com.hurray.landlord.net.socket.SocketStream)
    41:47:protected void unPackJson(java.lang.String)
com.hurray.landlord.net.socket.srv.ServerMatchResult:
    private static final long serialVersionUID
    40:41:public ServerMatchResult(com.hurray.landlord.net.socket.SocketStream)
    64:64:public int getHeart()
    74:82:protected void unPackJson(java.lang.String)
    89:90:public void setRank(int)
    97:98:public void setRised(int)
    105:106:public void setResults(com.hurray.lordserver.protocol.message.card.MatchEndPush$PlayersRank[])
    109:109:public int getmGameType()
com.hurray.landlord.net.socket.srv.ServerMessageFactory
com.hurray.landlord.net.socket.srv.ServerMessageType
com.hurray.landlord.net.socket.srv.ServerPlayerReady:
    private static final long serialVersionUID
    20:21:public ServerPlayerReady(com.hurray.landlord.net.socket.SocketStream)
    30:35:protected void unPackJson(java.lang.String)
com.hurray.landlord.net.socket.srv.ServerPlayerUpgrade:
    private static final long serialVersionUID
    19:20:public ServerPlayerUpgrade(com.hurray.landlord.net.socket.SocketStream)
    28:28:public int getLevel()
    34:38:protected void unPackJson(java.lang.String)
com.hurray.landlord.net.socket.srv.ServerPlsDeclare:
    private static final long serialVersionUID
    20:21:public ServerPlsDeclare(com.hurray.landlord.net.socket.SocketStream)
    40:46:protected void unPackJson(java.lang.String)
com.hurray.landlord.net.socket.srv.ServerPlsFollow:
    private static final long serialVersionUID
    25:26:public ServerPlsFollow(com.hurray.landlord.net.socket.SocketStream)
    56:74:protected void unPackJson(java.lang.String)
com.hurray.landlord.net.socket.srv.ServerPlsReady:
    private static final long serialVersionUID
    20:21:public ServerPlsReady(com.hurray.landlord.net.socket.SocketStream)
    35:40:protected void unPackJson(java.lang.String)
com.hurray.landlord.net.socket.srv.ServerPlsRob:
    private static final long serialVersionUID
    22:23:public ServerPlsRob(com.hurray.landlord.net.socket.SocketStream)
    42:48:protected void unPackJson(java.lang.String)
com.hurray.landlord.net.socket.srv.ServerPlsShow:
    private static final long serialVersionUID
    20:21:public ServerPlsShow(com.hurray.landlord.net.socket.SocketStream)
    40:46:protected void unPackJson(java.lang.String)